Performing C SOURCE FILE Test CMAKE_HAVE_LIBC_PTHREAD failed with the following output:
Change Dir: /home/jhs/Desktop/SUMO-to-MORAI/sumo2morai/build/CMakeFiles/CMakeTmp

Run Build Command(s):/usr/bin/make cmTC_a97ea/fast && /usr/bin/make  -f CMakeFiles/cmTC_a97ea.dir/build.make CMakeFiles/cmTC_a97ea.dir/build
make[1]: Entering directory '/home/jhs/Desktop/SUMO-to-MORAI/sumo2morai/build/CMakeFiles/CMakeTmp'
Building C object CMakeFiles/cmTC_a97ea.dir/src.c.o
/usr/bin/cc   -DCMAKE_HAVE_LIBC_PTHREAD -o CMakeFiles/cmTC_a97ea.dir/src.c.o -c /home/jhs/Desktop/SUMO-to-MORAI/sumo2morai/build/CMakeFiles/CMakeTmp/src.c
Linking C executable cmTC_a97ea
/home/jhs/.local/lib/python3.6/site-packages/cmake/data/bin/cmake -E cmake_link_script CMakeFiles/cmTC_a97ea.dir/link.txt --verbose=1
/usr/bin/cc  -DCMAKE_HAVE_LIBC_PTHREAD -rdynamic CMakeFiles/cmTC_a97ea.dir/src.c.o -o cmTC_a97ea 
CMakeFiles/cmTC_a97ea.dir/src.c.o: In function `main':
src.c:(.text+0x3e): undefined reference to `pthread_create'
src.c:(.text+0x4a): undefined reference to `pthread_detach'
src.c:(.text+0x56): undefined reference to `pthread_cancel'
src.c:(.text+0x67): undefined reference to `pthread_join'
src.c:(.text+0x7b): undefined reference to `pthread_atfork'
collect2: error: ld returned 1 exit status
CMakeFiles/cmTC_a97ea.dir/build.make:105: recipe for target 'cmTC_a97ea' failed
make[1]: *** [cmTC_a97ea] Error 1
make[1]: Leaving directory '/home/jhs/Desktop/SUMO-to-MORAI/sumo2morai/build/CMakeFiles/CMakeTmp'
Makefile:140: recipe for target 'cmTC_a97ea/fast' failed
make: *** [cmTC_a97ea/fast] Error 2


Source file was:
#include <pthread.h>

void* test_func(void* data)
{
  return data;
}

int main(void)
{
  pthread_t thread;
  pthread_create(&thread, NULL, test_func, NULL);
  pthread_detach(thread);
  pthread_cancel(thread);
  pthread_join(thread, NULL);
  pthread_atfork(NULL, NULL, NULL);
  pthread_exit(NULL);

  return 0;
}

Determining if the function pthread_create exists in the pthreads failed with the following output:
Change Dir: /home/jhs/Desktop/SUMO-to-MORAI/sumo2morai/build/CMakeFiles/CMakeTmp

Run Build Command(s):/usr/bin/make cmTC_e109a/fast && /usr/bin/make  -f CMakeFiles/cmTC_e109a.dir/build.make CMakeFiles/cmTC_e109a.dir/build
make[1]: Entering directory '/home/jhs/Desktop/SUMO-to-MORAI/sumo2morai/build/CMakeFiles/CMakeTmp'
Building C object CMakeFiles/cmTC_e109a.dir/CheckFunctionExists.c.o
/usr/bin/cc   -DCHECK_FUNCTION_EXISTS=pthread_create -o CMakeFiles/cmTC_e109a.dir/CheckFunctionExists.c.o -c /home/jhs/.local/lib/python3.6/site-packages/cmake/data/share/cmake-3.18/Modules/CheckFunctionExists.c
Linking C executable cmTC_e109a
/home/jhs/.local/lib/python3.6/site-packages/cmake/data/bin/cmake -E cmake_link_script CMakeFiles/cmTC_e109a.dir/link.txt --verbose=1
/usr/bin/cc  -DCHECK_FUNCTION_EXISTS=pthread_create -rdynamic CMakeFiles/cmTC_e109a.dir/CheckFunctionExists.c.o -o cmTC_e109a  -lpthreads 
/usr/bin/ld: cannot find -lpthreads
collect2: error: ld returned 1 exit status
CMakeFiles/cmTC_e109a.dir/build.make:105: recipe for target 'cmTC_e109a' failed
make[1]: *** [cmTC_e109a] Error 1
make[1]: Leaving directory '/home/jhs/Desktop/SUMO-to-MORAI/sumo2morai/build/CMakeFiles/CMakeTmp'
Makefile:140: recipe for target 'cmTC_e109a/fast' failed
make: *** [cmTC_e109a/fast] Error 2



