Performing C SOURCE FILE Test CMAKE_HAVE_LIBC_PTHREAD failed with the following output:
Change Dir: /home/jhs/Desktop/mgeo_to_lanegcn/ros_receive/build/CMakeFiles/CMakeTmp

Run Build Command(s):/usr/bin/make cmTC_04232/fast && /usr/bin/make  -f CMakeFiles/cmTC_04232.dir/build.make CMakeFiles/cmTC_04232.dir/build
make[1]: Entering directory '/home/jhs/Desktop/mgeo_to_lanegcn/ros_receive/build/CMakeFiles/CMakeTmp'
Building C object CMakeFiles/cmTC_04232.dir/src.c.o
/usr/bin/cc   -DCMAKE_HAVE_LIBC_PTHREAD -o CMakeFiles/cmTC_04232.dir/src.c.o -c /home/jhs/Desktop/mgeo_to_lanegcn/ros_receive/build/CMakeFiles/CMakeTmp/src.c
Linking C executable cmTC_04232
/home/jhs/.local/lib/python3.6/site-packages/cmake/data/bin/cmake -E cmake_link_script CMakeFiles/cmTC_04232.dir/link.txt --verbose=1
/usr/bin/cc  -DCMAKE_HAVE_LIBC_PTHREAD -rdynamic CMakeFiles/cmTC_04232.dir/src.c.o -o cmTC_04232 
CMakeFiles/cmTC_04232.dir/src.c.o: In function `main':
src.c:(.text+0x3e): undefined reference to `pthread_create'
src.c:(.text+0x4a): undefined reference to `pthread_detach'
src.c:(.text+0x56): undefined reference to `pthread_cancel'
src.c:(.text+0x67): undefined reference to `pthread_join'
src.c:(.text+0x7b): undefined reference to `pthread_atfork'
collect2: error: ld returned 1 exit status
CMakeFiles/cmTC_04232.dir/build.make:105: recipe for target 'cmTC_04232' failed
make[1]: *** [cmTC_04232] Error 1
make[1]: Leaving directory '/home/jhs/Desktop/mgeo_to_lanegcn/ros_receive/build/CMakeFiles/CMakeTmp'
Makefile:140: recipe for target 'cmTC_04232/fast' failed
make: *** [cmTC_04232/fast] Error 2


Source file was:
#include <pthread.h>

void* test_func(void* data)
{
  return data;
}

int main(void)
{
  pthread_t thread;
  pthread_create(&thread, NULL, test_func, NULL);
  pthread_detach(thread);
  pthread_cancel(thread);
  pthread_join(thread, NULL);
  pthread_atfork(NULL, NULL, NULL);
  pthread_exit(NULL);

  return 0;
}

Determining if the function pthread_create exists in the pthreads failed with the following output:
Change Dir: /home/jhs/Desktop/mgeo_to_lanegcn/ros_receive/build/CMakeFiles/CMakeTmp

Run Build Command(s):/usr/bin/make cmTC_7f5da/fast && /usr/bin/make  -f CMakeFiles/cmTC_7f5da.dir/build.make CMakeFiles/cmTC_7f5da.dir/build
make[1]: Entering directory '/home/jhs/Desktop/mgeo_to_lanegcn/ros_receive/build/CMakeFiles/CMakeTmp'
Building C object CMakeFiles/cmTC_7f5da.dir/CheckFunctionExists.c.o
/usr/bin/cc   -DCHECK_FUNCTION_EXISTS=pthread_create -o CMakeFiles/cmTC_7f5da.dir/CheckFunctionExists.c.o -c /home/jhs/.local/lib/python3.6/site-packages/cmake/data/share/cmake-3.18/Modules/CheckFunctionExists.c
Linking C executable cmTC_7f5da
/home/jhs/.local/lib/python3.6/site-packages/cmake/data/bin/cmake -E cmake_link_script CMakeFiles/cmTC_7f5da.dir/link.txt --verbose=1
/usr/bin/cc  -DCHECK_FUNCTION_EXISTS=pthread_create -rdynamic CMakeFiles/cmTC_7f5da.dir/CheckFunctionExists.c.o -o cmTC_7f5da  -lpthreads 
/usr/bin/ld: cannot find -lpthreads
collect2: error: ld returned 1 exit status
CMakeFiles/cmTC_7f5da.dir/build.make:105: recipe for target 'cmTC_7f5da' failed
make[1]: *** [cmTC_7f5da] Error 1
make[1]: Leaving directory '/home/jhs/Desktop/mgeo_to_lanegcn/ros_receive/build/CMakeFiles/CMakeTmp'
Makefile:140: recipe for target 'cmTC_7f5da/fast' failed
make: *** [cmTC_7f5da/fast] Error 2



